<?xml version="1.0" encoding="UTF-8"?>
<!-- Generated by org.testng.reporters.JUnitReportReporter -->
<testsuite hostname="ashish-pc" failures="0" tests="1" name="com.ashish.test.FirstTest" time="19.818" errors="0" timestamp="2023-03-29T01:34:57 IST" skipped="0">
  <testcase classname="com.ashish.test.FirstTest" name="launchApplication" time="19.818"/>
  <system-out/>
</testsuite> <!-- com.ashish.test.FirstTest -->
